<html>
<head>
<title>TestNG:  Test Valid Supplier Id provides Item info</title>
<link href="../testng.css" rel="stylesheet" type="text/css" />
<link href="../my-testng.css" rel="stylesheet" type="text/css" />

<style type="text/css">
.log { display: none;} 
.stack-trace { display: none;} 
</style>
<script type="text/javascript">
<!--
function flip(e) {
  current = e.style.display;
  if (current == 'block') {
    e.style.display = 'none';
    return 0;
  }
  else {
    e.style.display = 'block';
    return 1;
  }
}

function toggleBox(szDivId, elem, msg1, msg2)
{
  var res = -1;  if (document.getElementById) {
    res = flip(document.getElementById(szDivId));
  }
  else if (document.all) {
    // this is the way old msie versions work
    res = flip(document.all[szDivId]);
  }
  if(elem) {
    if(res == 0) elem.innerHTML = msg1; else elem.innerHTML = msg2;
  }

}

function toggleAllBoxes() {
  if (document.getElementsByTagName) {
    d = document.getElementsByTagName('div');
    for (i = 0; i < d.length; i++) {
      if (d[i].className == 'log') {
        flip(d[i]);
      }
    }
  }
}

// -->
</script>

</head>
<body>
<h2 align='center'>Test Valid Supplier Id provides Item info</h2><table border='1' align="center">
<tr>
<td>Tests passed/Failed/Skipped:</td><td>0/2/0</td>
</tr><tr>
<td>Started on:</td><td>Tue Jun 28 12:27:54 EDT 2022</td>
</tr>
<tr><td>Total time:</td><td>6 seconds (6363 ms)</td>
</tr><tr>
<td>Included groups:</td><td></td>
</tr><tr>
<td>Excluded groups:</td><td></td>
</tr>
</table><p/>
<small><i>(Hover the method name to see the test class name)</i></small><p/>
<table width='100%' border='1' class='invocation-failed'>
<tr><td colspan='4' align='center'><b>FAILED TESTS</b></td></tr>
<tr><td><b>Test method</b></td>
<td width="30%"><b>Exception</b></td>
<td width="10%"><b>Time (seconds)</b></td>
<td><b>Instance</b></td>
</tr>
<tr>
<td title='com.revature.TestRunner.runScenario()'><b>runScenario</b><br>Test class: com.revature.TestRunner<br>Test method: Runs Cucumber Scenarios<br>Parameters: "A user searches for a supplier using their id", "Supplier Search Feature"</td>
<td><div><pre>java.lang.AssertionError: expected [name: Flour price: 20] but found []
	at com.revature.StepDefinitions.SupplierSearchStepImpl.the_user_can_see_the_suppliers_listed_items(SupplierSearchStepImpl.java:49)
	at ?.the user can see the suppliers listed items(file:///C:/Users/Bravo/Programming/Repositories/Batches/220516-Python-with-Automation/demo/Java-Python/java_fs_demo/src/test/resources/features/SupplierSearch.feature:11)
... Removed 6 stack frames</pre></div><a href='#' onClick='toggleBox("stack-trace461001437", this, "Click to show all stack frames", "Click to hide stack frames")'>Click to show all stack frames</a>
<div class='stack-trace' id='stack-trace461001437'><pre>java.lang.AssertionError: expected [name: Flour price: 20] but found []
	at org.testng.Assert.fail(Assert.java:110)
	at org.testng.Assert.failNotEquals(Assert.java:1413)
	at org.testng.Assert.assertEqualsImpl(Assert.java:149)
	at org.testng.Assert.assertEquals(Assert.java:131)
	at org.testng.Assert.assertEquals(Assert.java:655)
	at org.testng.Assert.assertEquals(Assert.java:665)
	at com.revature.StepDefinitions.SupplierSearchStepImpl.the_user_can_see_the_suppliers_listed_items(SupplierSearchStepImpl.java:49)
	at ?.the user can see the suppliers listed items(file:///C:/Users/Bravo/Programming/Repositories/Batches/220516-Python-with-Automation/demo/Java-Python/java_fs_demo/src/test/resources/features/SupplierSearch.feature:11)
</pre></div></td>
<td>1</td>
<td>com.revature.TestRunner@4bb4de6a</td></tr>
<tr>
<td title='com.revature.TestRunner.feature()'><b>feature</b><br>Test class: com.revature.TestRunner<br>Parameters: "A user searches for a supplier using their id", "Supplier Search Feature"</td>
<td><div><pre>java.lang.AssertionError: expected [name: Flour price: 20] but found []
	at com.revature.StepDefinitions.SupplierSearchStepImpl.the_user_can_see_the_suppliers_listed_items(SupplierSearchStepImpl.java:49)
	at ?.the user can see the suppliers listed items(file:///C:/Users/Bravo/Programming/Repositories/Batches/220516-Python-with-Automation/demo/Java-Python/java_fs_demo/src/test/resources/features/SupplierSearch.feature:11)
... Removed 6 stack frames</pre></div><a href='#' onClick='toggleBox("stack-trace499339307", this, "Click to show all stack frames", "Click to hide stack frames")'>Click to show all stack frames</a>
<div class='stack-trace' id='stack-trace499339307'><pre>java.lang.AssertionError: expected [name: Flour price: 20] but found []
	at org.testng.Assert.fail(Assert.java:110)
	at org.testng.Assert.failNotEquals(Assert.java:1413)
	at org.testng.Assert.assertEqualsImpl(Assert.java:149)
	at org.testng.Assert.assertEquals(Assert.java:131)
	at org.testng.Assert.assertEquals(Assert.java:655)
	at org.testng.Assert.assertEquals(Assert.java:665)
	at com.revature.StepDefinitions.SupplierSearchStepImpl.the_user_can_see_the_suppliers_listed_items(SupplierSearchStepImpl.java:49)
	at ?.the user can see the suppliers listed items(file:///C:/Users/Bravo/Programming/Repositories/Batches/220516-Python-with-Automation/demo/Java-Python/java_fs_demo/src/test/resources/features/SupplierSearch.feature:11)
</pre></div></td>
<td>3</td>
<td>com.revature.TestRunner@4bb4de6a</td></tr>
</table><p>
</body>
</html>