<?xml version="1.0" encoding="UTF-8"?>
<!-- Generated by org.testng.reporters.JUnitXMLReporter -->
<testsuite hostname="LAPTOP-SFSUNP5A" ignored="0" name="Test Valid Supplier Id provides Item info" tests="2" failures="2" timestamp="2022-06-28T12:28:00 EDT" time="6.363" errors="0">
  <testcase name="feature" time="3.9" classname="com.revature.TestRunner">
    <failure type="java.lang.AssertionError" message="expected [name: Flour price: 20] but found []">
      <![CDATA[java.lang.AssertionError: expected [name: Flour price: 20] but found []
at com.revature.StepDefinitions.SupplierSearchStepImpl.the_user_can_see_the_suppliers_listed_items(SupplierSearchStepImpl.java:49)
at ✽.the user can see the suppliers listed items(file:///C:/Users/Bravo/Programming/Repositories/Batches/220516-Python-with-Automation/demo/Java-Python/java_fs_demo/src/test/resources/features/SupplierSearch.feature:11)
... Removed 6 stack frames]]>
    </failure>
  </testcase> <!-- feature -->
  <testcase name="runScenario" time="1.767" classname="io.cucumber.testng.AbstractTestNGCucumberTests">
    <failure type="java.lang.AssertionError" message="expected [name: Flour price: 20] but found []">
      <![CDATA[java.lang.AssertionError: expected [name: Flour price: 20] but found []
at com.revature.StepDefinitions.SupplierSearchStepImpl.the_user_can_see_the_suppliers_listed_items(SupplierSearchStepImpl.java:49)
at ✽.the user can see the suppliers listed items(file:///C:/Users/Bravo/Programming/Repositories/Batches/220516-Python-with-Automation/demo/Java-Python/java_fs_demo/src/test/resources/features/SupplierSearch.feature:11)
... Removed 6 stack frames]]>
    </failure>
  </testcase> <!-- runScenario -->
</testsuite> <!-- Test Valid Supplier Id provides Item info -->
