<?xml version="1.0" encoding="UTF-8"?>
<!-- Generated by org.testng.reporters.JUnitReportReporter -->
<testsuite skipped="0" hostname="LAPTOP-SFSUNP5A" name="com.revature.TestRunner" tests="2" failures="2" timestamp="2022-06-28T12:28:00 EDT" time="5.667" errors="0">
  <testcase name="runScenario" time="1.767" classname="com.revature.TestRunner">
    <failure type="java.lang.AssertionError" message="expected [name: Flour price: 20] but found []">
      <![CDATA[java.lang.AssertionError: expected [name: Flour price: 20] but found []
at org.testng.Assert.fail(Assert.java:110)
at org.testng.Assert.failNotEquals(Assert.java:1413)
at org.testng.Assert.assertEqualsImpl(Assert.java:149)
at org.testng.Assert.assertEquals(Assert.java:131)
at org.testng.Assert.assertEquals(Assert.java:655)
at org.testng.Assert.assertEquals(Assert.java:665)
at com.revature.StepDefinitions.SupplierSearchStepImpl.the_user_can_see_the_suppliers_listed_items(SupplierSearchStepImpl.java:49)
at ✽.the user can see the suppliers listed items(file:///C:/Users/Bravo/Programming/Repositories/Batches/220516-Python-with-Automation/demo/Java-Python/java_fs_demo/src/test/resources/features/SupplierSearch.feature:11)
]]>
    </failure>
  </testcase> <!-- runScenario -->
  <system-out/>
  <testcase name="feature" time="3.900" classname="com.revature.TestRunner">
    <failure type="java.lang.AssertionError" message="expected [name: Flour price: 20] but found []">
      <![CDATA[java.lang.AssertionError: expected [name: Flour price: 20] but found []
at org.testng.Assert.fail(Assert.java:110)
at org.testng.Assert.failNotEquals(Assert.java:1413)
at org.testng.Assert.assertEqualsImpl(Assert.java:149)
at org.testng.Assert.assertEquals(Assert.java:131)
at org.testng.Assert.assertEquals(Assert.java:655)
at org.testng.Assert.assertEquals(Assert.java:665)
at com.revature.StepDefinitions.SupplierSearchStepImpl.the_user_can_see_the_suppliers_listed_items(SupplierSearchStepImpl.java:49)
at ✽.the user can see the suppliers listed items(file:///C:/Users/Bravo/Programming/Repositories/Batches/220516-Python-with-Automation/demo/Java-Python/java_fs_demo/src/test/resources/features/SupplierSearch.feature:11)
]]>
    </failure>
  </testcase> <!-- feature -->
  <system-out/>
</testsuite> <!-- com.revature.TestRunner -->
