<?xml version="1.0" encoding="UTF-8"?>
<testng-results skipped="0" failed="2" ignored="0" total="6" passed="4">
  <reporter-output>
  </reporter-output>
  <suite name="Selenium tests with the Supplier Page" duration-ms="6363" started-at="2022-06-28T12:27:54 EDT" finished-at="2022-06-28T12:28:00 EDT">
    <groups>
      <group name="cucumber">
        <method signature="AbstractTestNGCucumberTests.runScenario(io.cucumber.testng.PickleWrapper,io.cucumber.testng.FeatureWrapper)[pri:0, instance:com.revature.TestRunner@4bb4de6a]" name="runScenario" class="io.cucumber.testng.AbstractTestNGCucumberTests"/>
      </group> <!-- cucumber -->
    </groups>
    <test name="Test Valid Supplier Id provides Item info" duration-ms="6363" started-at="2022-06-28T12:27:54 EDT" finished-at="2022-06-28T12:28:00 EDT">
      <class name="com.revature.TestRunner">
        <test-method status="PASS" signature="setUpClass(org.testng.ITestContext)[pri:0, instance:com.revature.TestRunner@4bb4de6a]" name="setUpClass" is-config="true" duration-ms="590" started-at="2022-06-28T12:27:54 EDT" finished-at="2022-06-28T12:27:54 EDT">
          <params>
            <param index="0">
              <value>
                <![CDATA[org.testng.TestRunner@44ed0a8f]]>
              </value>
            </param>
          </params>
          <reporter-output>
          </reporter-output>
        </test-method> <!-- setUpClass -->
        <test-method status="PASS" signature="setupClass()[pri:0, instance:com.revature.TestRunner@4bb4de6a]" name="setupClass" is-config="true" duration-ms="18" started-at="2022-06-28T12:27:54 EDT" finished-at="2022-06-28T12:27:54 EDT">
          <reporter-output>
          </reporter-output>
        </test-method> <!-- setupClass -->
        <test-method status="FAIL" signature="feature(io.cucumber.testng.PickleWrapper,io.cucumber.testng.FeatureWrapper)[pri:0, instance:com.revature.TestRunner@4bb4de6a]" name="feature" duration-ms="3900" started-at="2022-06-28T12:27:54 EDT" data-provider="features" finished-at="2022-06-28T12:27:58 EDT">
          <params>
            <param index="0">
              <value>
                <![CDATA["A user searches for a supplier using their id"]]>
              </value>
            </param>
            <param index="1">
              <value>
                <![CDATA["Supplier Search Feature"]]>
              </value>
            </param>
          </params>
          <exception class="java.lang.AssertionError">
            <message>
              <![CDATA[expected [name: Flour price: 20] but found []]]>
            </message>
            <full-stacktrace>
              <![CDATA[java.lang.AssertionError: expected [name: Flour price: 20] but found []
at org.testng.Assert.fail(Assert.java:110)
at org.testng.Assert.failNotEquals(Assert.java:1413)
at org.testng.Assert.assertEqualsImpl(Assert.java:149)
at org.testng.Assert.assertEquals(Assert.java:131)
at org.testng.Assert.assertEquals(Assert.java:655)
at org.testng.Assert.assertEquals(Assert.java:665)
at com.revature.StepDefinitions.SupplierSearchStepImpl.the_user_can_see_the_suppliers_listed_items(SupplierSearchStepImpl.java:49)
at ✽.the user can see the suppliers listed items(file:///C:/Users/Bravo/Programming/Repositories/Batches/220516-Python-with-Automation/demo/Java-Python/java_fs_demo/src/test/resources/features/SupplierSearch.feature:11)
]]>
            </full-stacktrace>
          </exception> <!-- java.lang.AssertionError -->
          <reporter-output>
          </reporter-output>
        </test-method> <!-- feature -->
        <test-method status="FAIL" signature="runScenario(io.cucumber.testng.PickleWrapper,io.cucumber.testng.FeatureWrapper)[pri:0, instance:com.revature.TestRunner@4bb4de6a]" name="runScenario" duration-ms="1767" started-at="2022-06-28T12:27:58 EDT" description="Runs Cucumber Scenarios" data-provider="scenarios" finished-at="2022-06-28T12:28:00 EDT">
          <params>
            <param index="0">
              <value>
                <![CDATA["A user searches for a supplier using their id"]]>
              </value>
            </param>
            <param index="1">
              <value>
                <![CDATA["Supplier Search Feature"]]>
              </value>
            </param>
          </params>
          <exception class="java.lang.AssertionError">
            <message>
              <![CDATA[expected [name: Flour price: 20] but found []]]>
            </message>
            <full-stacktrace>
              <![CDATA[java.lang.AssertionError: expected [name: Flour price: 20] but found []
at org.testng.Assert.fail(Assert.java:110)
at org.testng.Assert.failNotEquals(Assert.java:1413)
at org.testng.Assert.assertEqualsImpl(Assert.java:149)
at org.testng.Assert.assertEquals(Assert.java:131)
at org.testng.Assert.assertEquals(Assert.java:655)
at org.testng.Assert.assertEquals(Assert.java:665)
at com.revature.StepDefinitions.SupplierSearchStepImpl.the_user_can_see_the_suppliers_listed_items(SupplierSearchStepImpl.java:49)
at ✽.the user can see the suppliers listed items(file:///C:/Users/Bravo/Programming/Repositories/Batches/220516-Python-with-Automation/demo/Java-Python/java_fs_demo/src/test/resources/features/SupplierSearch.feature:11)
]]>
            </full-stacktrace>
          </exception> <!-- java.lang.AssertionError -->
          <reporter-output>
          </reporter-output>
        </test-method> <!-- runScenario -->
        <test-method status="PASS" signature="tearDownClass()[pri:0, instance:com.revature.TestRunner@4bb4de6a]" name="tearDownClass" is-config="true" duration-ms="76" started-at="2022-06-28T12:28:00 EDT" finished-at="2022-06-28T12:28:00 EDT">
          <reporter-output>
          </reporter-output>
        </test-method> <!-- tearDownClass -->
      </class> <!-- com.revature.TestRunner -->
    </test> <!-- Test Valid Supplier Id provides Item info -->
  </suite> <!-- Selenium tests with the Supplier Page -->
  <suite name="Service Test Suite" duration-ms="781" started-at="2022-06-28T12:27:53 EDT" finished-at="2022-06-28T12:27:53 EDT">
    <groups>
    </groups>
    <test name="Item Service Test" duration-ms="781" started-at="2022-06-28T12:27:53 EDT" finished-at="2022-06-28T12:27:53 EDT">
      <class name="com.revature.service.ItemServiceTest">
        <test-method status="PASS" signature="setup()[pri:0, instance:com.revature.service.ItemServiceTest@17d0685f]" name="setup" is-config="true" duration-ms="725" started-at="2022-06-28T12:27:53 EDT" finished-at="2022-06-28T12:27:53 EDT">
          <reporter-output>
          </reporter-output>
        </test-method> <!-- setup -->
        <test-method status="PASS" signature="testGetAllItems()[pri:0, instance:com.revature.service.ItemServiceTest@17d0685f]" name="testGetAllItems" duration-ms="9" started-at="2022-06-28T12:27:53 EDT" finished-at="2022-06-28T12:27:53 EDT">
          <reporter-output>
          </reporter-output>
        </test-method> <!-- testGetAllItems -->
        <test-method status="PASS" signature="testGetItem()[pri:0, instance:com.revature.service.ItemServiceTest@17d0685f]" name="testGetItem" duration-ms="0" started-at="2022-06-28T12:27:53 EDT" finished-at="2022-06-28T12:27:53 EDT">
          <reporter-output>
          </reporter-output>
        </test-method> <!-- testGetItem -->
        <test-method status="PASS" signature="testGetSupplierItems()[pri:0, instance:com.revature.service.ItemServiceTest@17d0685f]" name="testGetSupplierItems" duration-ms="0" started-at="2022-06-28T12:27:53 EDT" finished-at="2022-06-28T12:27:53 EDT">
          <reporter-output>
          </reporter-output>
        </test-method> <!-- testGetSupplierItems -->
        <test-method status="PASS" signature="testItemNotFoundExceptionThrownWhenInvalidItemIdProvided()[pri:0, instance:com.revature.service.ItemServiceTest@17d0685f]" name="testItemNotFoundExceptionThrownWhenInvalidItemIdProvided" duration-ms="3" started-at="2022-06-28T12:27:53 EDT" finished-at="2022-06-28T12:27:53 EDT">
          <reporter-output>
          </reporter-output>
        </test-method> <!-- testItemNotFoundExceptionThrownWhenInvalidItemIdProvided -->
      </class> <!-- com.revature.service.ItemServiceTest -->
    </test> <!-- Item Service Test -->
  </suite> <!-- Service Test Suite -->
</testng-results>
